c:\users\santiago\source\repos\ish\ish\x64\debug\vc143.pdb
c:\users\santiago\source\repos\ish\ish\x64\debug\vc143.idb
c:\users\santiago\source\repos\ish\ish\x64\debug\scanner.obj
c:\users\santiago\source\repos\ish\ish\x64\debug\reader.obj
c:\users\santiago\source\repos\ish\ish\x64\debug\parser.obj
c:\users\santiago\source\repos\ish\ish\x64\debug\mainscanner.obj
c:\users\santiago\source\repos\ish\ish\x64\debug\mainreader.obj
c:\users\santiago\source\repos\ish\ish\x64\debug\mainparser.obj
c:\users\santiago\source\repos\ish\ish\x64\debug\compilers.obj
c:\users\santiago\source\repos\ish\x64\debug\ish.pdb
c:\users\santiago\source\repos\ish\ish\x64\debug\ish.tlog\cl.command.1.tlog
c:\users\santiago\source\repos\ish\ish\x64\debug\ish.tlog\cl.read.1.tlog
c:\users\santiago\source\repos\ish\ish\x64\debug\ish.tlog\cl.write.1.tlog
c:\users\santiago\source\repos\ish\ish\x64\debug\ish.tlog\link-cvtres.read.1.tlog
c:\users\santiago\source\repos\ish\ish\x64\debug\ish.tlog\link-cvtres.write.1.tlog
c:\users\santiago\source\repos\ish\ish\x64\debug\ish.tlog\link-rc.read.1.tlog
c:\users\santiago\source\repos\ish\ish\x64\debug\ish.tlog\link-rc.write.1.tlog
c:\users\santiago\source\repos\ish\ish\x64\debug\ish.tlog\link.command.1.tlog
c:\users\santiago\source\repos\ish\ish\x64\debug\ish.tlog\link.read.1.tlog
c:\users\santiago\source\repos\ish\ish\x64\debug\ish.tlog\link.read.2.tlog
c:\users\santiago\source\repos\ish\ish\x64\debug\ish.tlog\link.read.3.tlog
c:\users\santiago\source\repos\ish\ish\x64\debug\ish.tlog\link.read.4.tlog
c:\users\santiago\source\repos\ish\ish\x64\debug\ish.tlog\link.write.1.tlog
